#
# A fatal error has been detected by the Java Runtime Environment:
#
#  EXCEPTION_ACCESS_VIOLATION (0xc0000005) at pc=0x00007ffd82d8e32a, pid=21436, tid=11808
#
# JRE version: OpenJDK Runtime Environment Temurin-17.0.3+7 (17.0.3+7) (build 17.0.3+7)
# Java VM: OpenJDK 64-Bit Server VM Temurin-17.0.3+7 (17.0.3+7, mixed mode, tiered, compressed oops, compressed class ptrs, g1 gc, windows-amd64)
# Problematic frame:
# V  [jvm.dll+0x79e32a]
#
# No core dump will be written. Minidumps are not enabled by default on client versions of Windows
#
# If you would like to submit a bug report, please visit:
#   https://github.com/adoptium/adoptium-support/issues
#

---------------  S U M M A R Y ------------

Command Line: -XX:+ShowCodeDetailsInExceptionMessages -agentlib:jdwp=transport=dt_socket,suspend=y,address=localhost:49933 -javaagent:C:\Users\ekkga\eclipse\eclipse-jee-2022-06-R-win32-x86_64\eclipse\configuration\org.eclipse.osgi\407\0\.cp\lib\javaagent-shaded.jar -Dfile.encoding=UTF-8 VersusAppDriver

Host: Intel(R) Core(TM) i9-10900K CPU @ 3.70GHz, 20 cores, 31G,  Windows 10 , 64 bit Build 19041 (10.0.19041.1806)
Time: Thu Jul 14 14:32:22 2022 Eastern Daylight Time elapsed time: 581.285361 seconds (0d 0h 9m 41s)

---------------  T H R E A D  ---------------

Current thread (0x000002757fa12160):  JavaThread "JDWP Transport Listener: dt_socket" daemon [_thread_in_vm, id=11808, stack(0x000000ae35200000,0x000000ae35300000)]

Stack: [0x000000ae35200000,0x000000ae35300000],  sp=0x000000ae352ff490,  free space=1021k
Native frames: (J=compiled Java code, j=interpreted, Vv=VM code, C=native code)
V  [jvm.dll+0x79e32a]
V  [jvm.dll+0x5088cc]
V  [jvm.dll+0x4cff34]
C  [jdwp.dll+0x22dff]


siginfo: EXCEPTION_ACCESS_VIOLATION (0xc0000005), reading address 0x0000000000310082


Register to memory mapping:

RIP=0x00007ffd82d8e32a jvm.dll
RAX=0x0000000000000112 is an unknown value
RBX=0x000002757eaed8a2 points into unknown readable memory: 4c 6a 61 76 61 2f
RCX=0x000000000031007e is an unknown value
RDX=0x000002750a141260 points into unknown readable memory: 0x7665722f6d6f634c | 4c 63 6f 6d 2f 72 65 76
RSP=0x000000ae352ff490 is pointing into the stack for thread: 0x000002757fa12160
RBP=0x000002757fa35350 points into unknown readable memory: 0xffffffff00000002 | 02 00 00 00 ff ff ff ff
RSI=0x0 is NULL
RDI=0xffffffffffffffff is an unknown value
R8 =0x0000000000000001 is an unknown value
R9 =0x0000000000000009 is an unknown value
R10=0x0 is NULL
R11=0x000000ae352ff4b0 is pointing into the stack for thread: 0x000002757fa12160
R12=0x000000ae352ff5e8 is pointing into the stack for thread: 0x000002757fa12160
R13=0x0 is NULL
R14=0x0000000800105480 is a pointer to class: 
com.revature.versusapp.data.ORM {0x0000000800105488}
 - instance size:     2
 - klass size:        78
 - access:            public synchronized 
 - state:             fully_initialized
 - name:              'com/revature/versusapp/data/ORM'
 - super:             'java/lang/Object'
 - sub:               
 - arrays:            NULL
 - methods:           Array<T>(0x000002750b03cde8)
 - method ordering:   Array<T>(0x000002750b033740)
 - default_methods:   Array<T>(0x0000000000000000)
 - local interfaces:  Array<T>(0x000002750983c578)
 - trans. interfaces: Array<T>(0x000002750983c578)
 - constants:         constant pool [276] {0x000002750b03e6c0} for 'com/revature/versusapp/data/ORM' cache=0x000002750b03f068
 - class loader data:  loader data: 0x000002757f760c20 for instance a 'jdk/internal/loader/ClassLoaders$AppClassLoader'{0x000000061f864000}
 - source file:       'ORM.java'
 - source debug extension:       SMAP
ORM.java
Java
*S jdt
*F
1 ORM.java
2 file:/C:/Users/ekkga/git/p1-orm-teamversus/target/classes/
*L
*E

 - class annotations:       Array<T>(0x0000000000000000)
 - class type annotations:  Array<T>(0x0000000000000000)
 - field annotations:       Array<T>(0x0000000000000000)
 - field type annotations:  Array<T>(0x0000000000000000)
 - previous version:  constant pool [272] {0x000002750983b9e0} for 'com/revature/versusapp/data/ORM' (extra) cache=0x000002750983ee20
 - generic signature: '
[error occurred during error reporting (printing register info), id 0xc0000005, EXCEPTION_ACCESS_VIOLATION (0xc0000005) at pc=0x00007ffd82d8ef36]

Registers:
RAX=0x0000000000000112, RBX=0x000002757eaed8a2, RCX=0x000000000031007e, RDX=0x000002750a141260
RSP=0x000000ae352ff490, RBP=0x000002757fa35350, RSI=0x0000000000000000, RDI=0xffffffffffffffff
R8 =0x0000000000000001, R9 =0x0000000000000009, R10=0x0000000000000000, R11=0x000000ae352ff4b0
R12=0x000000ae352ff5e8, R13=0x0000000000000000, R14=0x0000000800105480, R15=0x000000ae352ff638
RIP=0x00007ffd82d8e32a, EFLAGS=0x0000000000010206

Top of Stack: (sp=0x000000ae352ff490)
0x000000ae352ff490:   000000000000001f 0000000800105480
0x000000ae352ff4a0:   000002757fa12160 0000000000000000
0x000000ae352ff4b0:   ffffffffffffffff 00007ffd82af88cc
0x000000ae352ff4c0:   000002757eaed8a2 000002757eaed880
0x000000ae352ff4d0:   000002757fa35350 0000027508924460
0x000000ae352ff4e0:   000002757eaed850 00000000000003d8
0x000000ae352ff4f0:   000002757eaed860 000002757eaedc38
0x000000ae352ff500:   0000000000000002 000000ae352ff5e8
0x000000ae352ff510:   0000000000000000 0000000000000000
0x000000ae352ff520:   000000061f86f140 00007ffd82abff34
0x000000ae352ff530:   000002757fa12160 000000ae352ff638
0x000000ae352ff540:   000002755e283990 000000ae352ff638
0x000000ae352ff550:   000002757fa12160 0000000000000000
0x000000ae352ff560:   0000027500000000 0000000000000000
0x000000ae352ff570:   000000000000000d 00007ffda57f2dff
0x000000ae352ff580:   000000ae352ff630 00007ffda5801aa0 

Instructions: (pc=0x00007ffd82d8e32a)
0x00007ffd82d8e22a:   48 83 c4 20 5f e9 bc 80 90 ff cc cc cc cc cc cc
0x00007ffd82d8e23a:   cc cc cc cc cc cc 48 89 5c 24 08 57 48 83 ec 20
0x00007ffd82d8e24a:   83 fa 02 8d 42 06 b9 08 00 00 00 49 8b d8 0f 4e
0x00007ffd82d8e25a:   c1 48 63 c8 48 83 c1 07 83 e1 f8 48 63 f9 49 8b
0x00007ffd82d8e26a:   48 18 48 8b c7 48 f7 d0 48 3b c1 73 16 4c 8d 05
0x00007ffd82d8e27a:   4a 50 17 00 48 8b d7 48 8b cb e8 c7 e3 90 ff 48
0x00007ffd82d8e28a:   8b 4b 18 48 8d 04 39 48 3b 43 20 76 18 45 33 c0
0x00007ffd82d8e29a:   48 8b d7 48 8b cb 48 8b 5c 24 30 48 83 c4 20 5f
0x00007ffd82d8e2aa:   e9 21 e0 90 ff 48 89 43 18 48 8b c1 48 8b 5c 24
0x00007ffd82d8e2ba:   30 48 83 c4 20 5f c3 cc cc cc cc cc cc cc cc cc
0x00007ffd82d8e2ca:   cc cc cc cc cc cc 4c 8b d2 4c 8b d9 45 85 c0 7e
0x00007ffd82d8e2da:   3c 44 0f b7 49 04 41 8d 40 ff 41 3b c1 44 0f 4c
0x00007ffd82d8e2ea:   c8 4d 63 c1 45 85 c9 7e 1f 48 8b c2 4c 2b da 49
0x00007ffd82d8e2fa:   8b d0 0f 1f 40 00 41 0f b6 4c 03 06 88 08 48 8d
0x00007ffd82d8e30a:   40 01 48 83 ea 01 75 ee 43 c6 04 10 00 49 8b c2
0x00007ffd82d8e31a:   c3 cc cc cc cc cc 48 89 5c 24 08 57 48 83 ec 20
0x00007ffd82d8e32a:   0f b7 59 04 48 8b f9 33 d2 48 8d 4b 01 e8 a4 dc
0x00007ffd82d8e33a:   f2 ff 0f b7 57 04 4c 8b c0 3b da 0f 42 d3 44 8b
0x00007ffd82d8e34a:   ca 85 d2 74 39 48 2b f8 0f 1f 40 00 66 66 0f 1f
0x00007ffd82d8e35a:   84 00 00 00 00 00 0f b6 4c 07 06 88 08 48 ff c0
0x00007ffd82d8e36a:   48 8b c8 49 2b c8 49 3b c9 7c eb 42 c6 04 02 00
0x00007ffd82d8e37a:   49 8b c0 48 8b 5c 24 30 48 83 c4 20 5f c3 48 8b
0x00007ffd82d8e38a:   5c 24 30 c6 04 02 00 48 83 c4 20 5f c3 cc cc cc
0x00007ffd82d8e39a:   cc cc cc cc cc cc 4c 8b d1 45 85 c0 7e 6c 44 0f
0x00007ffd82d8e3aa:   b7 49 04 41 8d 40 ff 41 3b c1 44 0f 4c c8 4d 63
0x00007ffd82d8e3ba:   d9 45 85 c9 7e 22 48 8b ca 4c 2b d2 4d 8b c3 0f
0x00007ffd82d8e3ca:   1f 80 00 00 00 00 41 0f b6 44 0a 06 88 01 48 8d
0x00007ffd82d8e3da:   49 01 49 83 e8 01 75 ee 41 c6 04 13 00 48 c7 c0
0x00007ffd82d8e3ea:   ff ff ff ff 66 90 48 ff c0 80 3c 02 00 75 f7 48
0x00007ffd82d8e3fa:   63 c8 85 c0 48 8b c2 7e 14 80 38 2f 75 03 c6 00
0x00007ffd82d8e40a:   2e 48 ff c0 48 83 e9 01 75 ef 48 8b c2 c3 cc cc
0x00007ffd82d8e41a:   cc cc cc cc cc cc 48 83 ec 28 e8 f7 fe ff ff 4c 


Stack slot to memory mapping:
stack at sp + 0 slots: 0x000000000000001f is an unknown value
stack at sp + 1 slots: 0x0000000800105480 is a pointer to class: 
com.revature.versusapp.data.ORM {0x0000000800105488}
 - instance size:     2
 - klass size:        78
 - access:            public synchronized 
 - state:             fully_initialized
 - name:              'com/revature/versusapp/data/ORM'
 - super:             'java/lang/Object'
 - sub:               
 - arrays:            NULL
 - methods:           Array<T>(0x000002750b03cde8)
 - method ordering:   Array<T>(0x000002750b033740)
 - default_methods:   Array<T>(0x0000000000000000)
 - local interfaces:  Array<T>(0x000002750983c578)
 - trans. interfaces: Array<T>(0x000002750983c578)
 - constants:         constant pool [276] {0x000002750b03e6c0} for 'com/revature/versusapp/data/ORM' cache=0x000002750b03f068
 - class loader data:  loader data: 0x000002757f760c20 for instance a 'jdk/internal/loader/ClassLoaders$AppClassLoader'{0x000000061f864000}
 - source file:       'ORM.java'
 - source debug extension:       SMAP
ORM.java
Java
*S jdt
*F
1 ORM.java
2 file:/C:/Users/ekkga/git/p1-orm-teamversus/target/classes/
*L
*E

 - class annotations:       Array<T>(0x0000000000000000)
 - class type annotations:  Array<T>(0x0000000000000000)
 - field annotations:       Array<T>(0x0000000000000000)
 - field type annotations:  Array<T>(0x0000000000000000)
 - previous version:  constant pool [272] {0x000002750983b9e0} for 'com/revature/versusapp/data/ORM' (extra) cache=0x000002750983ee20
 - generic signature: '
[error occurred during error reporting (inspecting top of stack), id 0xc0000005, EXCEPTION_ACCESS_VIOLATION (0xc0000005) at pc=0x00007ffd82d8ef36]


---------------  P R O C E S S  ---------------

Threads class SMR info:
_java_thread_list=0x0000027508edd210, length=15, elements={
0x000002755e296b70, 0x000002757f755630, 0x000002757f756c60, 0x000002757f7a5a10,
0x000002757f7a84d0, 0x000002757f79f600, 0x000002757f77ece0, 0x000002757f7859e0,
0x000002757f786f00, 0x000002757f78f400, 0x000002757f8db8d0, 0x000002757fa12160,
0x000002757f9f4110, 0x000002757f9f47f0, 0x0000027508cad090
}

Java Threads: ( => current thread )
  0x000002755e296b70 JavaThread "main" [_thread_blocked, id=22252, stack(0x000000ae33e00000,0x000000ae33f00000)]
  0x000002757f755630 JavaThread "Reference Handler" daemon [_thread_blocked, id=18520, stack(0x000000ae34500000,0x000000ae34600000)]
  0x000002757f756c60 JavaThread "Finalizer" daemon [_thread_blocked, id=17156, stack(0x000000ae34600000,0x000000ae34700000)]
  0x000002757f7a5a10 JavaThread "Signal Dispatcher" daemon [_thread_blocked, id=21284, stack(0x000000ae34700000,0x000000ae34800000)]
  0x000002757f7a84d0 JavaThread "Attach Listener" daemon [_thread_blocked, id=16836, stack(0x000000ae34800000,0x000000ae34900000)]
  0x000002757f79f600 JavaThread "Service Thread" daemon [_thread_blocked, id=8680, stack(0x000000ae34900000,0x000000ae34a00000)]
  0x000002757f77ece0 JavaThread "Monitor Deflation Thread" daemon [_thread_blocked, id=15916, stack(0x000000ae34a00000,0x000000ae34b00000)]
  0x000002757f7859e0 JavaThread "C2 CompilerThread0" daemon [_thread_blocked, id=22496, stack(0x000000ae34b00000,0x000000ae34c00000)]
  0x000002757f786f00 JavaThread "C1 CompilerThread0" daemon [_thread_blocked, id=22096, stack(0x000000ae34c00000,0x000000ae34d00000)]
  0x000002757f78f400 JavaThread "Sweeper thread" daemon [_thread_blocked, id=11948, stack(0x000000ae34d00000,0x000000ae34e00000)]
  0x000002757f8db8d0 JavaThread "Common-Cleaner" daemon [_thread_blocked, id=16880, stack(0x000000ae34e00000,0x000000ae34f00000)]
=>0x000002757fa12160 JavaThread "JDWP Transport Listener: dt_socket" daemon [_thread_in_vm, id=11808, stack(0x000000ae35200000,0x000000ae35300000)]
  0x000002757f9f4110 JavaThread "JDWP Event Helper Thread" daemon [_thread_blocked, id=16288, stack(0x000000ae35300000,0x000000ae35400000)]
  0x000002757f9f47f0 JavaThread "JDWP Command Reader" daemon [_thread_in_native, id=5588, stack(0x000000ae35400000,0x000000ae35500000)]
  0x0000027508cad090 JavaThread "Notification Thread" daemon [_thread_blocked, id=8268, stack(0x000000ae35100000,0x000000ae35200000)]

Other Threads:
  0x000002757f740fa0 VMThread "VM Thread" [stack: 0x000000ae34400000,0x000000ae34500000] [id=2216]
  0x0000027508b16080 WatcherThread [stack: 0x000000ae35500000,0x000000ae35600000] [id=8952]
  0x000002755e349ab0 GCTaskThread "GC Thread#0" [stack: 0x000000ae33f00000,0x000000ae34000000] [id=22124]
  0x000002750a1a89e0 GCTaskThread "GC Thread#1" [stack: 0x000000ae35a00000,0x000000ae35b00000] [id=22064]
  0x000002750a40eac0 GCTaskThread "GC Thread#2" [stack: 0x000000ae35b00000,0x000000ae35c00000] [id=20456]
  0x000002750a135690 GCTaskThread "GC Thread#3" [stack: 0x000000ae35c00000,0x000000ae35d00000] [id=22224]
  0x000002750a1b93f0 GCTaskThread "GC Thread#4" [stack: 0x000000ae35d00000,0x000000ae35e00000] [id=21532]
  0x000002750a1b96a0 GCTaskThread "GC Thread#5" [stack: 0x000000ae35e00000,0x000000ae35f00000] [id=22460]
  0x000002750a5143f0 GCTaskThread "GC Thread#6" [stack: 0x000000ae35f00000,0x000000ae36000000] [id=22220]
  0x000002750a514eb0 GCTaskThread "GC Thread#7" [stack: 0x000000ae36000000,0x000000ae36100000] [id=18468]
  0x000002750a515570 GCTaskThread "GC Thread#8" [stack: 0x000000ae36100000,0x000000ae36200000] [id=14548]
  0x000002750a515820 GCTaskThread "GC Thread#9" [stack: 0x000000ae36200000,0x000000ae36300000] [id=15180]
  0x000002750a549ef0 GCTaskThread "GC Thread#10" [stack: 0x000000ae36300000,0x000000ae36400000] [id=9692]
  0x000002750a54a1a0 GCTaskThread "GC Thread#11" [stack: 0x000000ae36400000,0x000000ae36500000] [id=20752]
  0x000002755c03ea00 ConcurrentGCThread "G1 Main Marker" [stack: 0x000000ae34000000,0x000000ae34100000] [id=13324]
  0x000002755e35b4e0 ConcurrentGCThread "G1 Conc#0" [stack: 0x000000ae34100000,0x000000ae34200000] [id=5456]
  0x000002757e9cc980 ConcurrentGCThread "G1 Refine#0" [stack: 0x000000ae34200000,0x000000ae34300000] [id=17536]
  0x000002757e9ce250 ConcurrentGCThread "G1 Service" [stack: 0x000000ae34300000,0x000000ae34400000] [id=15776]

Threads with active compile tasks:

VM state: not at safepoint (normal execution)

VM Mutex/Monitor currently owned by a thread: None

Heap address: 0x0000000601400000, size: 8172 MB, Compressed Oops mode: Zero based, Oop shift amount: 3

CDS archive(s) not mapped
Compressed class space mapped at: 0x0000000800000000-0x0000000840000000, reserved size: 1073741824
Narrow klass base: 0x0000000800000000, Narrow klass shift: 0, Narrow klass range: 0x40000000

GC Precious Log:
 CPUs: 20 total, 20 available
 Memory: 32685M
 Large Page Support: Disabled
 NUMA Support: Disabled
 Compressed Oops: Enabled (Zero based)
 Heap Region Size: 4M
 Heap Min Capacity: 8M
 Heap Initial Capacity: 512M
 Heap Max Capacity: 8172M
 Pre-touch: Disabled
 Parallel Workers: 15
 Concurrent Workers: 4
 Concurrent Refinement Workers: 15
 Periodic GC: Disabled

Heap:
 garbage-first heap   total 524288K, used 11175K [0x0000000601400000, 0x0000000800000000)
  region size 4096K, 4 young (16384K), 1 survivors (4096K)
 Metaspace       used 18403K, committed 18560K, reserved 1073152K
  class space    used 1765K, committed 1856K, reserved 1048576K

Heap Regions: E=young(eden), S=young(survivor), O=old, HS=humongous(starts), HC=humongous(continues), CS=collection set, F=free, OA=open archive, CA=closed archive, TAMS=top-at-mark-start (previous, next)
|   0|0x0000000601400000, 0x0000000601400000, 0x0000000601800000|  0%| F|  |TAMS 0x0000000601400000, 0x0000000601400000| Untracked 
|   1|0x0000000601800000, 0x0000000601800000, 0x0000000601c00000|  0%| F|  |TAMS 0x0000000601800000, 0x0000000601800000| Untracked 
|   2|0x0000000601c00000, 0x0000000601c00000, 0x0000000602000000|  0%| F|  |TAMS 0x0000000601c00000, 0x0000000601c00000| Untracked 
|   3|0x0000000602000000, 0x0000000602000000, 0x0000000602400000|  0%| F|  |TAMS 0x0000000602000000, 0x0000000602000000| Untracked 
|   4|0x0000000602400000, 0x0000000602400000, 0x0000000602800000|  0%| F|  |TAMS 0x0000000602400000, 0x0000000602400000| Untracked 
|   5|0x0000000602800000, 0x0000000602800000, 0x0000000602c00000|  0%| F|  |TAMS 0x0000000602800000, 0x0000000602800000| Untracked 
|   6|0x0000000602c00000, 0x0000000602c00000, 0x0000000603000000|  0%| F|  |TAMS 0x0000000602c00000, 0x0000000602c00000| Untracked 
|   7|0x0000000603000000, 0x0000000603000000, 0x0000000603400000|  0%| F|  |TAMS 0x0000000603000000, 0x0000000603000000| Untracked 
|   8|0x0000000603400000, 0x0000000603400000, 0x0000000603800000|  0%| F|  |TAMS 0x0000000603400000, 0x0000000603400000| Untracked 
|   9|0x0000000603800000, 0x0000000603800000, 0x0000000603c00000|  0%| F|  |TAMS 0x0000000603800000, 0x0000000603800000| Untracked 
|  10|0x0000000603c00000, 0x0000000603c00000, 0x0000000604000000|  0%| F|  |TAMS 0x0000000603c00000, 0x0000000603c00000| Untracked 
|  11|0x0000000604000000, 0x0000000604000000, 0x0000000604400000|  0%| F|  |TAMS 0x0000000604000000, 0x0000000604000000| Untracked 
|  12|0x0000000604400000, 0x0000000604400000, 0x0000000604800000|  0%| F|  |TAMS 0x0000000604400000, 0x0000000604400000| Untracked 
|  13|0x0000000604800000, 0x0000000604800000, 0x0000000604c00000|  0%| F|  |TAMS 0x0000000604800000, 0x0000000604800000| Untracked 
|  14|0x0000000604c00000, 0x0000000604c00000, 0x0000000605000000|  0%| F|  |TAMS 0x0000000604c00000, 0x0000000604c00000| Untracked 
|  15|0x0000000605000000, 0x0000000605000000, 0x0000000605400000|  0%| F|  |TAMS 0x0000000605000000, 0x0000000605000000| Untracked 
|  16|0x0000000605400000, 0x0000000605400000, 0x0000000605800000|  0%| F|  |TAMS 0x0000000605400000, 0x0000000605400000| Untracked 
|  17|0x0000000605800000, 0x0000000605800000, 0x0000000605c00000|  0%| F|  |TAMS 0x0000000605800000, 0x0000000605800000| Untracked 
|  18|0x0000000605c00000, 0x0000000605c00000, 0x0000000606000000|  0%| F|  |TAMS 0x0000000605c00000, 0x0000000605c00000| Untracked 
|  19|0x0000000606000000, 0x0000000606000000, 0x0000000606400000|  0%| F|  |TAMS 0x0000000606000000, 0x0000000606000000| Untracked 
|  20|0x0000000606400000, 0x0000000606400000, 0x0000000606800000|  0%| F|  |TAMS 0x0000000606400000, 0x0000000606400000| Untracked 
|  21|0x0000000606800000, 0x0000000606800000, 0x0000000606c00000|  0%| F|  |TAMS 0x0000000606800000, 0x0000000606800000| Untracked 
|  22|0x0000000606c00000, 0x0000000606c00000, 0x0000000607000000|  0%| F|  |TAMS 0x0000000606c00000, 0x0000000606c00000| Untracked 
|  23|0x0000000607000000, 0x0000000607000000, 0x0000000607400000|  0%| F|  |TAMS 0x0000000607000000, 0x0000000607000000| Untracked 
|  24|0x0000000607400000, 0x0000000607400000, 0x0000000607800000|  0%| F|  |TAMS 0x0000000607400000, 0x0000000607400000| Untracked 
|  25|0x0000000607800000, 0x0000000607800000, 0x0000000607c00000|  0%| F|  |TAMS 0x0000000607800000, 0x0000000607800000| Untracked 
|  26|0x0000000607c00000, 0x0000000607c00000, 0x0000000608000000|  0%| F|  |TAMS 0x0000000607c00000, 0x0000000607c00000| Untracked 
|  27|0x0000000608000000, 0x0000000608000000, 0x0000000608400000|  0%| F|  |TAMS 0x0000000608000000, 0x0000000608000000| Untracked 
|  28|0x0000000608400000, 0x0000000608400000, 0x0000000608800000|  0%| F|  |TAMS 0x0000000608400000, 0x0000000608400000| Untracked 
|  29|0x0000000608800000, 0x0000000608800000, 0x0000000608c00000|  0%| F|  |TAMS 0x0000000608800000, 0x0000000608800000| Untracked 
|  30|0x0000000608c00000, 0x0000000608c00000, 0x0000000609000000|  0%| F|  |TAMS 0x0000000608c00000, 0x0000000608c00000| Untracked 
|  31|0x0000000609000000, 0x0000000609000000, 0x0000000609400000|  0%| F|  |TAMS 0x0000000609000000, 0x0000000609000000| Untracked 
|  32|0x0000000609400000, 0x0000000609400000, 0x0000000609800000|  0%| F|  |TAMS 0x0000000609400000, 0x0000000609400000| Untracked 
|  33|0x0000000609800000, 0x0000000609800000, 0x0000000609c00000|  0%| F|  |TAMS 0x0000000609800000, 0x0000000609800000| Untracked 
|  34|0x0000000609c00000, 0x0000000609c00000, 0x000000060a000000|  0%| F|  |TAMS 0x0000000609c00000, 0x0000000609c00000| Untracked 
|  35|0x000000060a000000, 0x000000060a000000, 0x000000060a400000|  0%| F|  |TAMS 0x000000060a000000, 0x000000060a000000| Untracked 
|  36|0x000000060a400000, 0x000000060a400000, 0x000000060a800000|  0%| F|  |TAMS 0x000000060a400000, 0x000000060a400000| Untracked 
|  37|0x000000060a800000, 0x000000060a800000, 0x000000060ac00000|  0%| F|  |TAMS 0x000000060a800000, 0x000000060a800000| Untracked 
|  38|0x000000060ac00000, 0x000000060ac00000, 0x000000060b000000|  0%| F|  |TAMS 0x000000060ac00000, 0x000000060ac00000| Untracked 
|  39|0x000000060b000000, 0x000000060b000000, 0x000000060b400000|  0%| F|  |TAMS 0x000000060b000000, 0x000000060b000000| Untracked 
|  40|0x000000060b400000, 0x000000060b400000, 0x000000060b800000|  0%| F|  |TAMS 0x000000060b400000, 0x000000060b400000| Untracked 
|  41|0x000000060b800000, 0x000000060b800000, 0x000000060bc00000|  0%| F|  |TAMS 0x000000060b800000, 0x000000060b800000| Untracked 
|  42|0x000000060bc00000, 0x000000060bc00000, 0x000000060c000000|  0%| F|  |TAMS 0x000000060bc00000, 0x000000060bc00000| Untracked 
|  43|0x000000060c000000, 0x000000060c000000, 0x000000060c400000|  0%| F|  |TAMS 0x000000060c000000, 0x000000060c000000| Untracked 
|  44|0x000000060c400000, 0x000000060c400000, 0x000000060c800000|  0%| F|  |TAMS 0x000000060c400000, 0x000000060c400000| Untracked 
|  45|0x000000060c800000, 0x000000060c800000, 0x000000060cc00000|  0%| F|  |TAMS 0x000000060c800000, 0x000000060c800000| Untracked 
|  46|0x000000060cc00000, 0x000000060cc00000, 0x000000060d000000|  0%| F|  |TAMS 0x000000060cc00000, 0x000000060cc00000| Untracked 
|  47|0x000000060d000000, 0x000000060d000000, 0x000000060d400000|  0%| F|  |TAMS 0x000000060d000000, 0x000000060d000000| Untracked 
|  48|0x000000060d400000, 0x000000060d400000, 0x000000060d800000|  0%| F|  |TAMS 0x000000060d400000, 0x000000060d400000| Untracked 
|  49|0x000000060d800000, 0x000000060d800000, 0x000000060dc00000|  0%| F|  |TAMS 0x000000060d800000, 0x000000060d800000| Untracked 
|  50|0x000000060dc00000, 0x000000060dc00000, 0x000000060e000000|  0%| F|  |TAMS 0x000000060dc00000, 0x000000060dc00000| Untracked 
|  51|0x000000060e000000, 0x000000060e000000, 0x000000060e400000|  0%| F|  |TAMS 0x000000060e000000, 0x000000060e000000| Untracked 
|  52|0x000000060e400000, 0x000000060e400000, 0x000000060e800000|  0%| F|  |TAMS 0x000000060e400000, 0x000000060e400000| Untracked 
|  53|0x000000060e800000, 0x000000060e800000, 0x000000060ec00000|  0%| F|  |TAMS 0x000000060e800000, 0x000000060e800000| Untracked 
|  54|0x000000060ec00000, 0x000000060ec00000, 0x000000060f000000|  0%| F|  |TAMS 0x000000060ec00000, 0x000000060ec00000| Untracked 
|  55|0x000000060f000000, 0x000000060f000000, 0x000000060f400000|  0%| F|  |TAMS 0x000000060f000000, 0x000000060f000000| Untracked 
|  56|0x000000060f400000, 0x000000060f400000, 0x000000060f800000|  0%| F|  |TAMS 0x000000060f400000, 0x000000060f400000| Untracked 
|  57|0x000000060f800000, 0x000000060f800000, 0x000000060fc00000|  0%| F|  |TAMS 0x000000060f800000, 0x000000060f800000| Untracked 
|  58|0x000000060fc00000, 0x000000060fc00000, 0x0000000610000000|  0%| F|  |TAMS 0x000000060fc00000, 0x000000060fc00000| Untracked 
|  59|0x0000000610000000, 0x0000000610000000, 0x0000000610400000|  0%| F|  |TAMS 0x0000000610000000, 0x0000000610000000| Untracked 
|  60|0x0000000610400000, 0x0000000610400000, 0x0000000610800000|  0%| F|  |TAMS 0x0000000610400000, 0x0000000610400000| Untracked 
|  61|0x0000000610800000, 0x0000000610800000, 0x0000000610c00000|  0%| F|  |TAMS 0x0000000610800000, 0x0000000610800000| Untracked 
|  62|0x0000000610c00000, 0x0000000610c00000, 0x0000000611000000|  0%| F|  |TAMS 0x0000000610c00000, 0x0000000610c00000| Untracked 
|  63|0x0000000611000000, 0x0000000611000000, 0x0000000611400000|  0%| F|  |TAMS 0x0000000611000000, 0x0000000611000000| Untracked 
|  64|0x0000000611400000, 0x0000000611400000, 0x0000000611800000|  0%| F|  |TAMS 0x0000000611400000, 0x0000000611400000| Untracked 
|  65|0x0000000611800000, 0x0000000611800000, 0x0000000611c00000|  0%| F|  |TAMS 0x0000000611800000, 0x0000000611800000| Untracked 
|  66|0x0000000611c00000, 0x0000000611c00000, 0x0000000612000000|  0%| F|  |TAMS 0x0000000611c00000, 0x0000000611c00000| Untracked 
|  67|0x0000000612000000, 0x0000000612000000, 0x0000000612400000|  0%| F|  |TAMS 0x0000000612000000, 0x0000000612000000| Untracked 
|  68|0x0000000612400000, 0x0000000612400000, 0x0000000612800000|  0%| F|  |TAMS 0x0000000612400000, 0x0000000612400000| Untracked 
|  69|0x0000000612800000, 0x0000000612800000, 0x0000000612c00000|  0%| F|  |TAMS 0x0000000612800000, 0x0000000612800000| Untracked 
|  70|0x0000000612c00000, 0x0000000612c00000, 0x0000000613000000|  0%| F|  |TAMS 0x0000000612c00000, 0x0000000612c00000| Untracked 
|  71|0x0000000613000000, 0x0000000613000000, 0x0000000613400000|  0%| F|  |TAMS 0x0000000613000000, 0x0000000613000000| Untracked 
|  72|0x0000000613400000, 0x0000000613400000, 0x0000000613800000|  0%| F|  |TAMS 0x0000000613400000, 0x0000000613400000| Untracked 
|  73|0x0000000613800000, 0x0000000613800000, 0x0000000613c00000|  0%| F|  |TAMS 0x0000000613800000, 0x0000000613800000| Untracked 
|  74|0x0000000613c00000, 0x0000000613c00000, 0x0000000614000000|  0%| F|  |TAMS 0x0000000613c00000, 0x0000000613c00000| Untracked 
|  75|0x0000000614000000, 0x0000000614000000, 0x0000000614400000|  0%| F|  |TAMS 0x0000000614000000, 0x0000000614000000| Untracked 
|  76|0x0000000614400000, 0x0000000614400000, 0x0000000614800000|  0%| F|  |TAMS 0x0000000614400000, 0x0000000614400000| Untracked 
|  77|0x0000000614800000, 0x0000000614800000, 0x0000000614c00000|  0%| F|  |TAMS 0x0000000614800000, 0x0000000614800000| Untracked 
|  78|0x0000000614c00000, 0x0000000614c00000, 0x0000000615000000|  0%| F|  |TAMS 0x0000000614c00000, 0x0000000614c00000| Untracked 
|  79|0x0000000615000000, 0x0000000615000000, 0x0000000615400000|  0%| F|  |TAMS 0x0000000615000000, 0x0000000615000000| Untracked 
|  80|0x0000000615400000, 0x0000000615400000, 0x0000000615800000|  0%| F|  |TAMS 0x0000000615400000, 0x0000000615400000| Untracked 
|  81|0x0000000615800000, 0x0000000615800000, 0x0000000615c00000|  0%| F|  |TAMS 0x0000000615800000, 0x0000000615800000| Untracked 
|  82|0x0000000615c00000, 0x0000000615c00000, 0x0000000616000000|  0%| F|  |TAMS 0x0000000615c00000, 0x0000000615c00000| Untracked 
|  83|0x0000000616000000, 0x0000000616000000, 0x0000000616400000|  0%| F|  |TAMS 0x0000000616000000, 0x0000000616000000| Untracked 
|  84|0x0000000616400000, 0x0000000616400000, 0x0000000616800000|  0%| F|  |TAMS 0x0000000616400000, 0x0000000616400000| Untracked 
|  85|0x0000000616800000, 0x0000000616800000, 0x0000000616c00000|  0%| F|  |TAMS 0x0000000616800000, 0x0000000616800000| Untracked 
|  86|0x0000000616c00000, 0x0000000616c00000, 0x0000000617000000|  0%| F|  |TAMS 0x0000000616c00000, 0x0000000616c00000| Untracked 
|  87|0x0000000617000000, 0x0000000617000000, 0x0000000617400000|  0%| F|  |TAMS 0x0000000617000000, 0x0000000617000000| Untracked 
|  88|0x0000000617400000, 0x0000000617400000, 0x0000000617800000|  0%| F|  |TAMS 0x0000000617400000, 0x0000000617400000| Untracked 
|  89|0x0000000617800000, 0x0000000617800000, 0x0000000617c00000|  0%| F|  |TAMS 0x0000000617800000, 0x0000000617800000| Untracked 
|  90|0x0000000617c00000, 0x0000000617c00000, 0x0000000618000000|  0%| F|  |TAMS 0x0000000617c00000, 0x0000000617c00000| Untracked 
|  91|0x0000000618000000, 0x0000000618000000, 0x0000000618400000|  0%| F|  |TAMS 0x0000000618000000, 0x0000000618000000| Untracked 
|  92|0x0000000618400000, 0x0000000618400000, 0x0000000618800000|  0%| F|  |TAMS 0x0000000618400000, 0x0000000618400000| Untracked 
|  93|0x0000000618800000, 0x0000000618800000, 0x0000000618c00000|  0%| F|  |TAMS 0x0000000618800000, 0x0000000618800000| Untracked 
|  94|0x0000000618c00000, 0x0000000618c00000, 0x0000000619000000|  0%| F|  |TAMS 0x0000000618c00000, 0x0000000618c00000| Untracked 
|  95|0x0000000619000000, 0x0000000619000000, 0x0000000619400000|  0%| F|  |TAMS 0x0000000619000000, 0x0000000619000000| Untracked 
|  96|0x0000000619400000, 0x0000000619400000, 0x0000000619800000|  0%| F|  |TAMS 0x0000000619400000, 0x0000000619400000| Untracked 
|  97|0x0000000619800000, 0x0000000619800000, 0x0000000619c00000|  0%| F|  |TAMS 0x0000000619800000, 0x0000000619800000| Untracked 
|  98|0x0000000619c00000, 0x0000000619c00000, 0x000000061a000000|  0%| F|  |TAMS 0x0000000619c00000, 0x0000000619c00000| Untracked 
|  99|0x000000061a000000, 0x000000061a000000, 0x000000061a400000|  0%| F|  |TAMS 0x000000061a000000, 0x000000061a000000| Untracked 
| 100|0x000000061a400000, 0x000000061a400000, 0x000000061a800000|  0%| F|  |TAMS 0x000000061a400000, 0x000000061a400000| Untracked 
| 101|0x000000061a800000, 0x000000061a800000, 0x000000061ac00000|  0%| F|  |TAMS 0x000000061a800000, 0x000000061a800000| Untracked 
| 102|0x000000061ac00000, 0x000000061ac00000, 0x000000061b000000|  0%| F|  |TAMS 0x000000061ac00000, 0x000000061ac00000| Untracked 
| 103|0x000000061b000000, 0x000000061b000000, 0x000000061b400000|  0%| F|  |TAMS 0x000000061b000000, 0x000000061b000000| Untracked 
| 104|0x000000061b400000, 0x000000061b400000, 0x000000061b800000|  0%| F|  |TAMS 0x000000061b400000, 0x000000061b400000| Untracked 
| 105|0x000000061b800000, 0x000000061b800000, 0x000000061bc00000|  0%| F|  |TAMS 0x000000061b800000, 0x000000061b800000| Untracked 
| 106|0x000000061bc00000, 0x000000061bc00000, 0x000000061c000000|  0%| F|  |TAMS 0x000000061bc00000, 0x000000061bc00000| Untracked 
| 107|0x000000061c000000, 0x000000061c000000, 0x000000061c400000|  0%| F|  |TAMS 0x000000061c000000, 0x000000061c000000| Untracked 
| 108|0x000000061c400000, 0x000000061c400000, 0x000000061c800000|  0%| F|  |TAMS 0x000000061c400000, 0x000000061c400000| Untracked 
| 109|0x000000061c800000, 0x000000061c800000, 0x000000061cc00000|  0%| F|  |TAMS 0x000000061c800000, 0x000000061c800000| Untracked 
| 110|0x000000061cc00000, 0x000000061cc00000, 0x000000061d000000|  0%| F|  |TAMS 0x000000061cc00000, 0x000000061cc00000| Untracked 
| 111|0x000000061d000000, 0x000000061d000000, 0x000000061d400000|  0%| F|  |TAMS 0x000000061d000000, 0x000000061d000000| Untracked 
| 112|0x000000061d400000, 0x000000061d400000, 0x000000061d800000|  0%| F|  |TAMS 0x000000061d400000, 0x000000061d400000| Untracked 
| 113|0x000000061d800000, 0x000000061d800000, 0x000000061dc00000|  0%| F|  |TAMS 0x000000061d800000, 0x000000061d800000| Untracked 
| 114|0x000000061dc00000, 0x000000061dc00000, 0x000000061e000000|  0%| F|  |TAMS 0x000000061dc00000, 0x000000061dc00000| Untracked 
| 115|0x000000061e000000, 0x000000061e000000, 0x000000061e400000|  0%| F|  |TAMS 0x000000061e000000, 0x000000061e000000| Untracked 
| 116|0x000000061e400000, 0x000000061e400000, 0x000000061e800000|  0%| F|  |TAMS 0x000000061e400000, 0x000000061e400000| Untracked 
| 117|0x000000061e800000, 0x000000061e800000, 0x000000061ec00000|  0%| F|  |TAMS 0x000000061e800000, 0x000000061e800000| Untracked 
| 118|0x000000061ec00000, 0x000000061ec00000, 0x000000061f000000|  0%| F|  |TAMS 0x000000061ec00000, 0x000000061ec00000| Untracked 
| 119|0x000000061f000000, 0x000000061f000000, 0x000000061f400000|  0%| F|  |TAMS 0x000000061f000000, 0x000000061f000000| Untracked 
| 120|0x000000061f400000, 0x000000061f400000, 0x000000061f800000|  0%| F|  |TAMS 0x000000061f400000, 0x000000061f400000| Untracked 
| 121|0x000000061f800000, 0x000000061fae9da8, 0x000000061fc00000| 72%| S|CS|TAMS 0x000000061f800000, 0x000000061f800000| Complete 
| 122|0x000000061fc00000, 0x000000061fc00000, 0x0000000620000000|  0%| F|  |TAMS 0x000000061fc00000, 0x000000061fc00000| Untracked 
| 123|0x0000000620000000, 0x0000000620000000, 0x0000000620400000|  0%| F|  |TAMS 0x0000000620000000, 0x0000000620000000| Untracked 
| 124|0x0000000620400000, 0x0000000620400000, 0x0000000620800000|  0%| F|  |TAMS 0x0000000620400000, 0x0000000620400000| Untracked 
| 125|0x0000000620800000, 0x0000000620bfdfd0, 0x0000000620c00000| 99%| E|  |TAMS 0x0000000620800000, 0x0000000620800000| Complete 
| 126|0x0000000620c00000, 0x0000000621000000, 0x0000000621000000|100%| E|CS|TAMS 0x0000000620c00000, 0x0000000620c00000| Complete 
| 127|0x0000000621000000, 0x0000000621400000, 0x0000000621400000|100%| E|CS|TAMS 0x0000000621000000, 0x0000000621000000| Complete 

Card table byte_map: [0x00000275723f0000,0x00000275733f0000] _byte_map_base: 0x000002756f3e6000

Marking Bits (Prev, Next): (CMBitMap*) 0x000002755e349f60, (CMBitMap*) 0x000002755e349fa0
 Prev Bits: [0x00000275743f0000, 0x000002757c3a0000)
 Next Bits: [0x0000027500000000, 0x0000027507fb0000)

Polling page: 0x000002755bed0000

Metaspace:

Usage:
  Non-class:     16.25 MB used.
      Class:      1.72 MB used.
       Both:     17.97 MB used.

Virtual space:
  Non-class space:       24.00 MB reserved,      16.31 MB ( 68%) committed,  3 nodes.
      Class space:        1.00 GB reserved,       1.81 MB ( <1%) committed,  1 nodes.
             Both:        1.02 GB reserved,      18.12 MB (  2%) committed. 

Chunk freelists:
   Non-Class:  2.75 MB
       Class:  2.16 MB
        Both:  4.91 MB

MaxMetaspaceSize: unlimited
CompressedClassSpaceSize: 1.00 GB
Initial GC threshold: 21.00 MB
Current GC threshold: 21.00 MB
CDS: off
MetaspaceReclaimPolicy: balanced
 - commit_granule_bytes: 65536.
 - commit_granule_words: 8192.
 - virtual_space_node_default_size: 1048576.
 - enlarge_chunks_in_place: 1.
 - new_chunks_are_fully_committed: 0.
 - uncommit_free_chunks: 1.
 - use_allocation_guard: 0.
 - handle_deallocations: 1.


Internal statistics:

num_allocs_failed_limit: 0.
num_arena_births: 62.
num_arena_deaths: 0.
num_vsnodes_births: 4.
num_vsnodes_deaths: 0.
num_space_committed: 290.
num_space_uncommitted: 0.
num_chunks_returned_to_freelist: 0.
num_chunks_taken_from_freelist: 228.
num_chunk_merges: 0.
num_chunk_splits: 120.
num_chunks_enlarged: 81.
num_purges: 0.
num_inconsistent_stats: 0.

CodeHeap 'non-profiled nmethods': size=119168Kb used=623Kb max_used=623Kb free=118544Kb
 bounds [0x00000275694f0000, 0x0000027569760000, 0x0000027570950000]
CodeHeap 'profiled nmethods': size=119104Kb used=3049Kb max_used=3049Kb free=116054Kb
 bounds [0x00000275620a0000, 0x00000275623a0000, 0x00000275694f0000]
CodeHeap 'non-nmethods': size=7488Kb used=1275Kb max_used=2986Kb free=6212Kb
 bounds [0x0000027561950000, 0x0000027561c40000, 0x00000275620a0000]
 total_blobs=2043 nmethods=1536 adapters=420
 compilation: enabled
              stopped_count=0, restarted_count=0
 full_count=0

Compilation events (20 events):
Event: 1.096 Thread 0x000002757f7859e0 nmethod 1529 0x000002756958a590 code [0x000002756958a700, 0x000002756958a9d8]
Event: 1.103 Thread 0x0000027508d73e50 nmethod 1528 0x000002756958aa90 code [0x000002756958ac20, 0x000002756958b678]
Event: 83.962 Thread 0x000002757f7859e0 1532 %     4       org.eclipse.jdt.launching.internal.org.objectweb.asm.ByteVector::encodeUtf8 @ 12 (337 bytes)
Event: 83.973 Thread 0x000002757f7859e0 

Event: 145.504 Thread 0x000002757f786f00 1535       3       org.eclipse.jdt.launching.internal.org.objectweb.asm.ClassWriter::visit (160 bytes)
Event: 145.510 Thread 0x000002757f786f00 

Event: 145.510 Thread 0x000002757f786f00 1533       3       org.eclipse.jdt.launching.internal.org.objectweb.asm.ClassVisitor::<init> (7 bytes)
Event: 145.510 Thread 0x000002757f786f00 nmethod 1533 0x0000027562397410 code [0x00000275623975c0, 0x0000027562397728]
Event: 145.510 Thread 0x000002757f786f00 1534       3       org.eclipse.jdt.launching.internal.org.objectweb.asm.ClassVisitor::visit (50 bytes)
Event: 145.510 Thread 0x000002757f786f00 nmethod 1534 0x0000027562397810 code [0x00000275623979e0, 0x0000027562397db8]
Event: 145.510 Thread 0x000002757f786f00 1536       3       org.eclipse.jdt.launching.internal.org.objectweb.asm.SymbolTable::setMajorVersionAndClassName (19 bytes)
Event: 145.510 Thread 0x000002757f786f00 nmethod 1536 0x0000027562397f10 code [0x00000275623980c0, 0x00000275623982e8]
Event: 145.510 Thread 0x000002757f786f00 1537       3       org.eclipse.jdt.launching.internal.weaving.ClassfileTransformer$1::visitSource (125 bytes)
Event: 145.511 Thread 0x000002757f786f00 nmethod 1537 0x0000027562398410 code [0x0000027562398760, 0x00000275623995f8]
Event: 145.511 Thread 0x000002757f786f00 1538       3       org.eclipse.jdt.launching.internal.org.objectweb.asm.ClassVisitor::visitSource (17 bytes)
Event: 145.511 Thread 0x000002757f786f00 nmethod 1538 0x0000027562399c10 code [0x0000027562399dc0, 0x0000027562399fe8]
Event: 145.511 Thread 0x000002757f786f00 1539       3       org.eclipse.jdt.launching.internal.org.objectweb.asm.ClassVisitor::visitEnd (15 bytes)
Event: 145.511 Thread 0x000002757f786f00 nmethod 1539 0x000002756239a110 code [0x000002756239a2c0, 0x000002756239a4e8]
Event: 186.064 Thread 0x000002757f786f00 1540       3       org.eclipse.jdt.launching.internal.org.objectweb.asm.SymbolTable::putBootstrapMethods (56 bytes)
Event: 186.068 Thread 0x000002757f786f00 


GC Heap History (2 events):
Event: 0.673 GC heap before
{Heap before GC invocations=0 (full 0):
 garbage-first heap   total 524288K, used 24576K [0x0000000601400000, 0x0000000800000000)
  region size 4096K, 6 young (24576K), 0 survivors (0K)
 Metaspace       used 15860K, committed 16128K, reserved 1064960K
  class space    used 1554K, committed 1664K, reserved 1048576K
}
Event: 0.675 GC heap after
{Heap after GC invocations=1 (full 0):
 garbage-first heap   total 524288K, used 2983K [0x0000000601400000, 0x0000000800000000)
  region size 4096K, 1 young (4096K), 1 survivors (4096K)
 Metaspace       used 15860K, committed 16128K, reserved 1064960K
  class space    used 1554K, committed 1664K, reserved 1048576K
}

Deoptimization events (20 events):
Event: 0.890 Thread 0x000002755e296b70 DEOPT PACKING pc=0x00000275695508c8 sp=0x000000ae33efe720
Event: 0.890 Thread 0x000002755e296b70 DEOPT UNPACKING pc=0x00000275619a23a3 sp=0x000000ae33efe770 mode 2
Event: 0.890 Thread 0x000002755e296b70 Uncommon trap: trap_request=0xffffffc6 fr.pc=0x00000275695508c8 relative=0x0000000000000e68
Event: 0.890 Thread 0x000002755e296b70 Uncommon trap: reason=bimorphic_or_optimized_type_check action=maybe_recompile pc=0x00000275695508c8 method=java.util.regex.Pattern$Branch.match(Ljava/util/regex/Matcher;ILjava/lang/CharSequence;)Z @ 50 c2
Event: 0.890 Thread 0x000002755e296b70 DEOPT PACKING pc=0x00000275695508c8 sp=0x000000ae33efe690
Event: 0.890 Thread 0x000002755e296b70 DEOPT UNPACKING pc=0x00000275619a23a3 sp=0x000000ae33efe6e0 mode 2
Event: 0.890 Thread 0x000002755e296b70 Uncommon trap: trap_request=0xffffffc6 fr.pc=0x00000275695508c8 relative=0x0000000000000e68
Event: 0.890 Thread 0x000002755e296b70 Uncommon trap: reason=bimorphic_or_optimized_type_check action=maybe_recompile pc=0x00000275695508c8 method=java.util.regex.Pattern$Branch.match(Ljava/util/regex/Matcher;ILjava/lang/CharSequence;)Z @ 50 c2
Event: 0.890 Thread 0x000002755e296b70 DEOPT PACKING pc=0x00000275695508c8 sp=0x000000ae33efe3c0
Event: 0.890 Thread 0x000002755e296b70 DEOPT UNPACKING pc=0x00000275619a23a3 sp=0x000000ae33efe410 mode 2
Event: 0.890 Thread 0x000002755e296b70 Uncommon trap: trap_request=0xffffffc6 fr.pc=0x00000275695508c8 relative=0x0000000000000e68
Event: 0.890 Thread 0x000002755e296b70 Uncommon trap: reason=bimorphic_or_optimized_type_check action=maybe_recompile pc=0x00000275695508c8 method=java.util.regex.Pattern$Branch.match(Ljava/util/regex/Matcher;ILjava/lang/CharSequence;)Z @ 50 c2
Event: 0.890 Thread 0x000002755e296b70 DEOPT PACKING pc=0x00000275695508c8 sp=0x000000ae33efe330
Event: 0.890 Thread 0x000002755e296b70 DEOPT UNPACKING pc=0x00000275619a23a3 sp=0x000000ae33efe380 mode 2
Event: 0.890 Thread 0x000002755e296b70 DEOPT PACKING pc=0x00000275621144cf sp=0x000000ae33efeeb0
Event: 0.890 Thread 0x000002755e296b70 DEOPT UNPACKING pc=0x00000275619a2b43 sp=0x000000ae33efe378 mode 1
Event: 0.962 Thread 0x000002755e296b70 Uncommon trap: trap_request=0xffffffc6 fr.pc=0x0000027569548114 relative=0x00000000000004d4
Event: 0.962 Thread 0x000002755e296b70 Uncommon trap: reason=bimorphic_or_optimized_type_check action=maybe_recompile pc=0x0000027569548114 method=java.util.HashMap.getNode(Ljava/lang/Object;)Ljava/util/HashMap$Node; @ 128 c2
Event: 0.962 Thread 0x000002755e296b70 DEOPT PACKING pc=0x0000027569548114 sp=0x000000ae33efe790
Event: 0.962 Thread 0x000002755e296b70 DEOPT UNPACKING pc=0x00000275619a23a3 sp=0x000000ae33efe728 mode 2

Classes unloaded (0 events):
No events

Classes redefined (5 events):
Event: 83.964 Thread 0x000002757f740fa0 redefined class name=VersusAppDriver, count=1
Event: 145.506 Thread 0x000002757f740fa0 redefined class name=VersusAppDriver, count=2
Event: 186.066 Thread 0x000002757f740fa0 redefined class name=VersusAppDriver, count=3
Event: 191.786 Thread 0x000002757f740fa0 redefined class name=VersusAppDriver, count=4
Event: 556.939 Thread 0x000002757f740fa0 redefined class name=com.revature.versusapp.data.ORM, count=1

Internal exceptions (20 events):
Event: 0.666 Thread 0x000002755e296b70 Exception <a 'java/io/FileNotFoundException'{0x000000061ffa0670}> (0x000000061ffa0670) 
thrown [e:\jenkins\tmp\workspace\build\src\src\hotspot\share\prims\jni.cpp, line 516]
Event: 0.667 Thread 0x000002755e296b70 Exception <a 'java/io/FileNotFoundException'{0x000000061ffa3ef0}> (0x000000061ffa3ef0) 
thrown [e:\jenkins\tmp\workspace\build\src\src\hotspot\share\prims\jni.cpp, line 516]
Event: 0.667 Thread 0x000002755e296b70 Exception <a 'java/io/FileNotFoundException'{0x000000061ffa65f0}> (0x000000061ffa65f0) 
thrown [e:\jenkins\tmp\workspace\build\src\src\hotspot\share\prims\jni.cpp, line 516]
Event: 0.667 Thread 0x000002755e296b70 Exception <a 'java/io/FileNotFoundException'{0x000000061ffa9e70}> (0x000000061ffa9e70) 
thrown [e:\jenkins\tmp\workspace\build\src\src\hotspot\share\prims\jni.cpp, line 516]
Event: 0.667 Thread 0x000002755e296b70 Exception <a 'java/io/FileNotFoundException'{0x000000061ffac570}> (0x000000061ffac570) 
thrown [e:\jenkins\tmp\workspace\build\src\src\hotspot\share\prims\jni.cpp, line 516]
Event: 0.667 Thread 0x000002755e296b70 Exception <a 'java/io/FileNotFoundException'{0x000000061ffaec70}> (0x000000061ffaec70) 
thrown [e:\jenkins\tmp\workspace\build\src\src\hotspot\share\prims\jni.cpp, line 516]
Event: 0.667 Thread 0x000002755e296b70 Exception <a 'java/io/FileNotFoundException'{0x000000061ffb24f0}> (0x000000061ffb24f0) 
thrown [e:\jenkins\tmp\workspace\build\src\src\hotspot\share\prims\jni.cpp, line 516]
Event: 0.667 Thread 0x000002755e296b70 Exception <a 'java/io/FileNotFoundException'{0x000000061ffb4bf0}> (0x000000061ffb4bf0) 
thrown [e:\jenkins\tmp\workspace\build\src\src\hotspot\share\prims\jni.cpp, line 516]
Event: 0.667 Thread 0x000002755e296b70 Exception <a 'java/io/FileNotFoundException'{0x000000061ffb72f0}> (0x000000061ffb72f0) 
thrown [e:\jenkins\tmp\workspace\build\src\src\hotspot\share\prims\jni.cpp, line 516]
Event: 0.667 Thread 0x000002755e296b70 Exception <a 'java/io/FileNotFoundException'{0x000000061ffbab70}> (0x000000061ffbab70) 
thrown [e:\jenkins\tmp\workspace\build\src\src\hotspot\share\prims\jni.cpp, line 516]
Event: 0.963 Thread 0x000002755e296b70 Exception <a 'java/io/FileNotFoundException'{0x000000062099e330}> (0x000000062099e330) 
thrown [e:\jenkins\tmp\workspace\build\src\src\hotspot\share\prims\jni.cpp, line 516]
Event: 0.963 Thread 0x000002755e296b70 Exception <a 'java/io/FileNotFoundException'{0x00000006209a1bb0}> (0x00000006209a1bb0) 
thrown [e:\jenkins\tmp\workspace\build\src\src\hotspot\share\prims\jni.cpp, line 516]
Event: 0.963 Thread 0x000002755e296b70 Exception <a 'java/io/FileNotFoundException'{0x00000006209a42b0}> (0x00000006209a42b0) 
thrown [e:\jenkins\tmp\workspace\build\src\src\hotspot\share\prims\jni.cpp, line 516]
Event: 0.964 Thread 0x000002755e296b70 Exception <a 'java/io/FileNotFoundException'{0x00000006209a7b30}> (0x00000006209a7b30) 
thrown [e:\jenkins\tmp\workspace\build\src\src\hotspot\share\prims\jni.cpp, line 516]
Event: 0.964 Thread 0x000002755e296b70 Exception <a 'java/io/FileNotFoundException'{0x00000006209aa230}> (0x00000006209aa230) 
thrown [e:\jenkins\tmp\workspace\build\src\src\hotspot\share\prims\jni.cpp, line 516]
Event: 0.964 Thread 0x000002755e296b70 Exception <a 'java/io/FileNotFoundException'{0x00000006209ac930}> (0x00000006209ac930) 
thrown [e:\jenkins\tmp\workspace\build\src\src\hotspot\share\prims\jni.cpp, line 516]
Event: 0.964 Thread 0x000002755e296b70 Exception <a 'java/io/FileNotFoundException'{0x00000006209b01b0}> (0x00000006209b01b0) 
thrown [e:\jenkins\tmp\workspace\build\src\src\hotspot\share\prims\jni.cpp, line 516]
Event: 0.964 Thread 0x000002755e296b70 Exception <a 'java/io/FileNotFoundException'{0x00000006209b28b0}> (0x00000006209b28b0) 
thrown [e:\jenkins\tmp\workspace\build\src\src\hotspot\share\prims\jni.cpp, line 516]
Event: 0.964 Thread 0x000002755e296b70 Exception <a 'java/io/FileNotFoundException'{0x00000006209b4fb0}> (0x00000006209b4fb0) 
thrown [e:\jenkins\tmp\workspace\build\src\src\hotspot\share\prims\jni.cpp, line 516]
Event: 0.964 Thread 0x000002755e296b70 Exception <a 'java/io/FileNotFoundException'{0x00000006209b8830}> (0x00000006209b8830) 
thrown [e:\jenkins\tmp\workspace\build\src\src\hotspot\share\prims\jni.cpp, line 516]

VM Operations (20 events):
Event: 83.960 Executing VM operation: ChangeSingleStep
Event: 83.960 Executing VM operation: ChangeSingleStep done
Event: 83.963 Executing VM operation: RedefineClasses
Event: 83.967 Executing VM operation: RedefineClasses done
Event: 83.969 Executing VM operation: ChangeSingleStep
Event: 83.969 Executing VM operation: ChangeSingleStep done
Event: 83.970 Executing VM operation: ChangeSingleStep
Event: 83.970 Executing VM operation: ChangeSingleStep done
Event: 84.131 Executing VM operation: get/set locals
Event: 84.131 Executing VM operation: get/set locals done
Event: 145.505 Executing VM operation: RedefineClasses
Event: 145.510 Executing VM operation: RedefineClasses done
Event: 186.064 Executing VM operation: RedefineClasses
Event: 186.068 Executing VM operation: RedefineClasses done
Event: 191.784 Executing VM operation: RedefineClasses
Event: 191.788 Executing VM operation: RedefineClasses done
Event: 556.937 Executing VM operation: RedefineClasses
Event: 556.943 Executing VM operation: RedefineClasses done
Event: 556.947 Executing VM operation: ChangeBreakpoints
Event: 556.948 Executing VM operation: ChangeBreakpoints done

Events (20 events):
Event: 0.889 loading class java/util/Formatter$FormatSpecifier
Event: 0.890 loading class java/util/Formatter$FormatSpecifier done
Event: 0.890 loading class java/util/Formatter$Flags
Event: 0.890 loading class java/util/Formatter$Flags done
Event: 0.890 loading class java/util/Formattable
Event: 0.890 loading class java/util/Formattable done
Event: 1.069 Thread 0x0000027508e8fb60 Thread exited: 0x0000027508e8fb60
Event: 1.071 loading class java/math/BigDecimal
Event: 1.072 loading class java/math/BigDecimal done
Event: 1.093 loading class java/lang/invoke/DirectMethodHandle$Special
Event: 1.093 loading class java/lang/invoke/DirectMethodHandle$Special done
Event: 1.096 loading class java/io/CharArrayReader
Event: 1.096 loading class java/io/CharArrayReader done
Event: 1.097 loading class java/net/UnknownHostException
Event: 1.097 loading class java/net/UnknownHostException done
Event: 6.097 Thread 0x0000027508e26e80 Thread exited: 0x0000027508e26e80
Event: 6.097 Thread 0x0000027508d73e50 Thread exited: 0x0000027508d73e50
Event: 6.097 Thread 0x0000027509099fc0 Thread exited: 0x0000027509099fc0
Event: 11.110 Thread 0x000002757f956020 Thread exited: 0x000002757f956020
Event: 11.110 Thread 0x000002757ea81a40 Thread exited: 0x000002757ea81a40


Dynamic libraries:
0x00007ff658df0000 - 0x00007ff658dfe000 	C:\Users\ekkga\eclipse\eclipse-jee-2022-06-R-win32-x86_64\eclipse\plugins\org.eclipse.justj.openjdk.hotspot.jre.full.win32.x86_64_17.0.3.v20220515-1416\jre\bin\javaw.exe
0x00007ffdd6b70000 - 0x00007ffdd6d68000 	C:\WINDOWS\SYSTEM32\ntdll.dll
0x00007ffdd60f0000 - 0x00007ffdd61ad000 	C:\WINDOWS\System32\KERNEL32.DLL
0x00007ffdd4360000 - 0x00007ffdd462e000 	C:\WINDOWS\System32\KERNELBASE.dll
0x00007ffdd4630000 - 0x00007ffdd4730000 	C:\WINDOWS\System32\ucrtbase.dll
0x00007ffdb8070000 - 0x00007ffdb8088000 	C:\Users\ekkga\eclipse\eclipse-jee-2022-06-R-win32-x86_64\eclipse\plugins\org.eclipse.justj.openjdk.hotspot.jre.full.win32.x86_64_17.0.3.v20220515-1416\jre\bin\jli.dll
0x00007ffdb8090000 - 0x00007ffdb80a9000 	C:\Users\ekkga\eclipse\eclipse-jee-2022-06-R-win32-x86_64\eclipse\plugins\org.eclipse.justj.openjdk.hotspot.jre.full.win32.x86_64_17.0.3.v20220515-1416\jre\bin\VCRUNTIME140.dll
0x00007ffdd4eb0000 - 0x00007ffdd5050000 	C:\WINDOWS\System32\USER32.dll
0x00007ffdbe8a0000 - 0x00007ffdbeb3a000 	C:\WINDOWS\WinSxS\amd64_microsoft.windows.common-controls_6595b64144ccf1df_6.0.19041.1110_none_60b5254171f9507e\COMCTL32.dll
0x00007ffdd4730000 - 0x00007ffdd4752000 	C:\WINDOWS\System32\win32u.dll
0x00007ffdd6970000 - 0x00007ffdd6a0e000 	C:\WINDOWS\System32\msvcrt.dll
0x00007ffdd4dc0000 - 0x00007ffdd4dea000 	C:\WINDOWS\System32\GDI32.dll
0x00007ffdd4760000 - 0x00007ffdd486b000 	C:\WINDOWS\System32\gdi32full.dll
0x00007ffdd4290000 - 0x00007ffdd432d000 	C:\WINDOWS\System32\msvcp_win.dll
0x00007ffdd6240000 - 0x00007ffdd6270000 	C:\WINDOWS\System32\IMM32.DLL
0x00007ffdcefa0000 - 0x00007ffdcefac000 	C:\Users\ekkga\eclipse\eclipse-jee-2022-06-R-win32-x86_64\eclipse\plugins\org.eclipse.justj.openjdk.hotspot.jre.full.win32.x86_64_17.0.3.v20220515-1416\jre\bin\vcruntime140_1.dll
0x00007ffda7e70000 - 0x00007ffda7f01000 	C:\Users\ekkga\eclipse\eclipse-jee-2022-06-R-win32-x86_64\eclipse\plugins\org.eclipse.justj.openjdk.hotspot.jre.full.win32.x86_64_17.0.3.v20220515-1416\jre\bin\msvcp140.dll
0x00007ffd825f0000 - 0x00007ffd83238000 	C:\Users\ekkga\eclipse\eclipse-jee-2022-06-R-win32-x86_64\eclipse\plugins\org.eclipse.justj.openjdk.hotspot.jre.full.win32.x86_64_17.0.3.v20220515-1416\jre\bin\server\jvm.dll
0x00007ffdd6040000 - 0x00007ffdd60ee000 	C:\WINDOWS\System32\ADVAPI32.dll
0x00007ffdd6510000 - 0x00007ffdd65ac000 	C:\WINDOWS\System32\sechost.dll
0x00007ffdd4bd0000 - 0x00007ffdd4cf5000 	C:\WINDOWS\System32\RPCRT4.dll
0x00007ffdd4d00000 - 0x00007ffdd4d08000 	C:\WINDOWS\System32\PSAPI.DLL
0x00007ffdcf150000 - 0x00007ffdcf159000 	C:\WINDOWS\SYSTEM32\WSOCK32.dll
0x00007ffdc91b0000 - 0x00007ffdc91d7000 	C:\WINDOWS\SYSTEM32\WINMM.dll
0x00007ffdce0b0000 - 0x00007ffdce0ba000 	C:\WINDOWS\SYSTEM32\VERSION.dll
0x00007ffdd5190000 - 0x00007ffdd51fb000 	C:\WINDOWS\System32\WS2_32.dll
0x00007ffdd2b40000 - 0x00007ffdd2b52000 	C:\WINDOWS\SYSTEM32\kernel.appcore.dll
0x00007ffdcef90000 - 0x00007ffdcef9a000 	C:\Users\ekkga\eclipse\eclipse-jee-2022-06-R-win32-x86_64\eclipse\plugins\org.eclipse.justj.openjdk.hotspot.jre.full.win32.x86_64_17.0.3.v20220515-1416\jre\bin\jimage.dll
0x00007ffdd1800000 - 0x00007ffdd19e4000 	C:\WINDOWS\SYSTEM32\DBGHELP.DLL
0x00007ffdb9ce0000 - 0x00007ffdb9d0c000 	C:\WINDOWS\SYSTEM32\dbgcore.DLL
0x00007ffdd4870000 - 0x00007ffdd48f2000 	C:\WINDOWS\System32\bcryptPrimitives.dll
0x00007ffda57d0000 - 0x00007ffda580b000 	C:\Users\ekkga\eclipse\eclipse-jee-2022-06-R-win32-x86_64\eclipse\plugins\org.eclipse.justj.openjdk.hotspot.jre.full.win32.x86_64_17.0.3.v20220515-1416\jre\bin\jdwp.dll
0x00007ffdbd6d0000 - 0x00007ffdbd6de000 	C:\Users\ekkga\eclipse\eclipse-jee-2022-06-R-win32-x86_64\eclipse\plugins\org.eclipse.justj.openjdk.hotspot.jre.full.win32.x86_64_17.0.3.v20220515-1416\jre\bin\instrument.dll
0x00007ffdb7980000 - 0x00007ffdb79a5000 	C:\Users\ekkga\eclipse\eclipse-jee-2022-06-R-win32-x86_64\eclipse\plugins\org.eclipse.justj.openjdk.hotspot.jre.full.win32.x86_64_17.0.3.v20220515-1416\jre\bin\java.dll
0x00007ffdbdb40000 - 0x00007ffdbdb58000 	C:\Users\ekkga\eclipse\eclipse-jee-2022-06-R-win32-x86_64\eclipse\plugins\org.eclipse.justj.openjdk.hotspot.jre.full.win32.x86_64_17.0.3.v20220515-1416\jre\bin\zip.dll
0x00007ffdd5670000 - 0x00007ffdd5db4000 	C:\WINDOWS\System32\SHELL32.dll
0x00007ffdd2390000 - 0x00007ffdd2b24000 	C:\WINDOWS\SYSTEM32\windows.storage.dll
0x00007ffdd65b0000 - 0x00007ffdd6904000 	C:\WINDOWS\System32\combase.dll
0x00007ffdd3cf0000 - 0x00007ffdd3d20000 	C:\WINDOWS\SYSTEM32\Wldp.dll
0x00007ffdd4d10000 - 0x00007ffdd4dbd000 	C:\WINDOWS\System32\SHCORE.dll
0x00007ffdd5dc0000 - 0x00007ffdd5e15000 	C:\WINDOWS\System32\shlwapi.dll
0x00007ffdd41d0000 - 0x00007ffdd41ef000 	C:\WINDOWS\SYSTEM32\profapi.dll
0x00007ffdba380000 - 0x00007ffdba38c000 	C:\Users\ekkga\eclipse\eclipse-jee-2022-06-R-win32-x86_64\eclipse\plugins\org.eclipse.justj.openjdk.hotspot.jre.full.win32.x86_64_17.0.3.v20220515-1416\jre\bin\dt_socket.dll
0x00007ffdd36f0000 - 0x00007ffdd372b000 	C:\WINDOWS\SYSTEM32\IPHLPAPI.DLL
0x00007ffdd3a50000 - 0x00007ffdd3aba000 	C:\WINDOWS\system32\mswsock.dll
0x00007ffdd3730000 - 0x00007ffdd37fb000 	C:\WINDOWS\SYSTEM32\DNSAPI.dll
0x00007ffdd5180000 - 0x00007ffdd5188000 	C:\WINDOWS\System32\NSI.dll
0x00007ffdcbcb0000 - 0x00007ffdcbcba000 	C:\Windows\System32\rasadhlp.dll
0x00007ffdcb930000 - 0x00007ffdcb9b0000 	C:\WINDOWS\System32\fwpuclnt.dll
0x00007ffdd4330000 - 0x00007ffdd4357000 	C:\WINDOWS\System32\bcrypt.dll
0x00007ffdbcf70000 - 0x00007ffdbcf89000 	C:\Users\ekkga\eclipse\eclipse-jee-2022-06-R-win32-x86_64\eclipse\plugins\org.eclipse.justj.openjdk.hotspot.jre.full.win32.x86_64_17.0.3.v20220515-1416\jre\bin\net.dll
0x00007ffdccb20000 - 0x00007ffdccc2a000 	C:\WINDOWS\SYSTEM32\WINHTTP.dll
0x00007ffdb4740000 - 0x00007ffdb4755000 	C:\Users\ekkga\eclipse\eclipse-jee-2022-06-R-win32-x86_64\eclipse\plugins\org.eclipse.justj.openjdk.hotspot.jre.full.win32.x86_64_17.0.3.v20220515-1416\jre\bin\nio.dll
0x00007ffdcbc40000 - 0x00007ffdcbc50000 	C:\Users\ekkga\eclipse\eclipse-jee-2022-06-R-win32-x86_64\eclipse\plugins\org.eclipse.justj.openjdk.hotspot.jre.full.win32.x86_64_17.0.3.v20220515-1416\jre\bin\verify.dll
0x00007ffdbe530000 - 0x00007ffdbe539000 	C:\Users\ekkga\eclipse\eclipse-jee-2022-06-R-win32-x86_64\eclipse\plugins\org.eclipse.justj.openjdk.hotspot.jre.full.win32.x86_64_17.0.3.v20220515-1416\jre\bin\management.dll
0x00007ffdbe1b0000 - 0x00007ffdbe1bb000 	C:\Users\ekkga\eclipse\eclipse-jee-2022-06-R-win32-x86_64\eclipse\plugins\org.eclipse.justj.openjdk.hotspot.jre.full.win32.x86_64_17.0.3.v20220515-1416\jre\bin\management_ext.dll
0x00007ffdc4aa0000 - 0x00007ffdc4aae000 	C:\Users\ekkga\eclipse\eclipse-jee-2022-06-R-win32-x86_64\eclipse\plugins\org.eclipse.justj.openjdk.hotspot.jre.full.win32.x86_64_17.0.3.v20220515-1416\jre\bin\sunmscapi.dll
0x00007ffdd4a70000 - 0x00007ffdd4bc6000 	C:\WINDOWS\System32\CRYPT32.dll
0x00007ffdd3d60000 - 0x00007ffdd3d87000 	C:\WINDOWS\SYSTEM32\ncrypt.dll
0x00007ffdd3d20000 - 0x00007ffdd3d5b000 	C:\WINDOWS\SYSTEM32\NTASN1.dll
0x00007ffdd3c50000 - 0x00007ffdd3c68000 	C:\WINDOWS\SYSTEM32\CRYPTSP.dll
0x00007ffdd3360000 - 0x00007ffdd3394000 	C:\WINDOWS\system32\rsaenh.dll
0x00007ffdd4150000 - 0x00007ffdd417e000 	C:\WINDOWS\SYSTEM32\USERENV.dll
0x00007ffdd3c40000 - 0x00007ffdd3c4c000 	C:\WINDOWS\SYSTEM32\CRYPTBASE.dll
0x00007ffdce550000 - 0x00007ffdce567000 	C:\WINDOWS\SYSTEM32\dhcpcsvc6.DLL
0x00007ffdce530000 - 0x00007ffdce54d000 	C:\WINDOWS\SYSTEM32\dhcpcsvc.DLL

dbghelp: loaded successfully - version: 4.0.5 - missing functions: none
symbol engine: initialized successfully - sym options: 0x614 - pdb path: .;C:\Users\ekkga\eclipse\eclipse-jee-2022-06-R-win32-x86_64\eclipse\plugins\org.eclipse.justj.openjdk.hotspot.jre.full.win32.x86_64_17.0.3.v20220515-1416\jre\bin;C:\WINDOWS\SYSTEM32;C:\WINDOWS\WinSxS\amd64_microsoft.windows.common-controls_6595b64144ccf1df_6.0.19041.1110_none_60b5254171f9507e;C:\Users\ekkga\eclipse\eclipse-jee-2022-06-R-win32-x86_64\eclipse\plugins\org.eclipse.justj.openjdk.hotspot.jre.full.win32.x86_64_17.0.3.v20220515-1416\jre\bin\server

VM Arguments:
jvm_args: -XX:+ShowCodeDetailsInExceptionMessages -agentlib:jdwp=transport=dt_socket,suspend=y,address=localhost:49933 -javaagent:C:\Users\ekkga\eclipse\eclipse-jee-2022-06-R-win32-x86_64\eclipse\configuration\org.eclipse.osgi\407\0\.cp\lib\javaagent-shaded.jar -Dfile.encoding=UTF-8 
java_command: VersusAppDriver
java_class_path (initial): C:\Users\ekkga\git\p1-orm-teamversus\target\classes;C:\Users\ekkga\.m2\repository\org\postgresql\postgresql\42.4.0\postgresql-42.4.0.jar;C:\Users\ekkga\.m2\repository\org\checkerframework\checker-qual\3.5.0\checker-qual-3.5.0.jar
Launcher Type: SUN_STANDARD

[Global flags]
     intx CICompilerCount                          = 12                                        {product} {ergonomic}
     uint ConcGCThreads                            = 4                                         {product} {ergonomic}
     uint G1ConcRefinementThreads                  = 15                                        {product} {ergonomic}
   size_t G1HeapRegionSize                         = 4194304                                   {product} {ergonomic}
    uintx GCDrainStackTargetSize                   = 64                                        {product} {ergonomic}
   size_t InitialHeapSize                          = 536870912                                 {product} {ergonomic}
   size_t MarkStackSize                            = 4194304                                   {product} {ergonomic}
   size_t MaxHeapSize                              = 8568963072                                {product} {ergonomic}
   size_t MaxNewSize                               = 5138022400                                {product} {ergonomic}
   size_t MinHeapDeltaBytes                        = 4194304                                   {product} {ergonomic}
   size_t MinHeapSize                              = 8388608                                   {product} {ergonomic}
    uintx NonNMethodCodeHeapSize                   = 7602480                                {pd product} {ergonomic}
    uintx NonProfiledCodeHeapSize                  = 122027880                              {pd product} {ergonomic}
    uintx ProfiledCodeHeapSize                     = 122027880                              {pd product} {ergonomic}
    uintx ReservedCodeCacheSize                    = 251658240                              {pd product} {ergonomic}
     bool SegmentedCodeCache                       = true                                      {product} {ergonomic}
     bool ShowCodeDetailsInExceptionMessages       = true                                   {manageable} {command line}
   size_t SoftMaxHeapSize                          = 8568963072                             {manageable} {ergonomic}
     bool UseCompressedClassPointers               = true                           {product lp64_product} {ergonomic}
     bool UseCompressedOops                        = true                           {product lp64_product} {ergonomic}
     bool UseG1GC                                  = true                                      {product} {ergonomic}
     bool UseLargePagesIndividualAllocation        = false                                  {pd product} {ergonomic}

Logging:
Log output configuration:
 #0: stdout all=warning uptime,level,tags
 #1: stderr all=off uptime,level,tags

Environment Variables:
JAVA_HOME=C:\Users\ekkga\scoop\apps\ojdkbuild8\current
PATH=C:\Users\ekkga\eclipse\eclipse-jee-2022-06-R-win32-x86_64\eclipse\plugins\org.eclipse.justj.openjdk.hotspot.jre.full.win32.x86_64_17.0.3.v20220515-1416\jre\bin;C:/Users/ekkga/eclipse/eclipse-jee-2022-06-R-win32-x86_64/eclipse//plugins/org.eclipse.justj.openjdk.hotspot.jre.full.win32.x86_64_17.0.3.v20220515-1416/jre/bin/server;C:/Users/ekkga/eclipse/eclipse-jee-2022-06-R-win32-x86_64/eclipse//plugins/org.eclipse.justj.openjdk.hotspot.jre.full.win32.x86_64_17.0.3.v20220515-1416/jre/bin;C:\Program Files\Eclipse Adoptium\jdk-17.0.3.7-hotspot\bin;C:\Program Files\Oculus\Support\oculus-runtime;C:\Program Files (x86)\Razer Chroma SDK\bin;C:\Program Files\Razer Chroma SDK\bin;C:\Program Files (x86)\Razer\ChromaBroadcast\bin;C:\Program Files\Razer\ChromaBroadcast\bin;c:\program files (x86)\razer\chromabroadcast\bin;c:\program files\razer\chromabroadcast\bin;c:\program files (x86)\razer chroma sdk\bin;c:\program files\razer chroma sdk\bin;c:\program files (x86)\razer\chromabroadcast\bin;c:\program files\razer\chromabroadcast\bin;c:\program files (x86)\common files\oracle\java\javapath;c:\windows\system32;c:\windows;c:\windows\system32\wbem;c:\windows\system32\windowspowershell\v1.0\;c:\windows\system32\openssh\;c:\program files\nvidia corporation\nvidia nvdlisr;c:\program files\dotnet\;c:\users\ekkga\appdata\local\microsoft\windowsapps;c:\users\ekkga\appdata\local\githubdesktop\bin;c:\windows\system32\config\systemprofile\appdata\local\microsoft\windowsapps;c:\windows\system32\config\systemprofile\appdata\local\microsoft\windowsapps;C:\Program Files (x86)\NVIDIA Corporation\PhysX\Common;C:\Program Files (x86)\Common Files\Intuit\QBPOSSDKRuntime;C:\WINDOWS\system32\config\systemprofile\AppData\Local\Microsoft\WindowsApps;C:\Program Files\nodejs\;C:\Program Files\Git\cmd;C:\Users\ekkga\scoop\apps\maven\current\bin;C:\Users\ekkga\scoop\apps\ojdkbuild8\current\bin;C:\Users\ekkga\scoop\apps\nvm\current\nodejs\nodejs;C:\Users\ekkga\scoop\apps\postgresql\current\bin;C:\Users\ekkga
USERNAME=ekkga
OS=Windows_NT
PROCESSOR_IDENTIFIER=Intel64 Family 6 Model 165 Stepping 5, GenuineIntel



---------------  S Y S T E M  ---------------

OS:
 Windows 10 , 64 bit Build 19041 (10.0.19041.1806)
OS uptime: 0 days 4:33 hours

CPU: total 20 (initial active 20) (10 cores per cpu, 2 threads per core) family 6 model 165 stepping 5 microcode 0xca, cx8, cmov, fxsr, ht, mmx, 3dnowpref, sse, sse2, sse3, ssse3, sse4.1, sse4.2, popcnt, lzcnt, tsc, tscinvbit, avx, avx2, aes, erms, clmul, bmi1, bmi2, adx, fma, vzeroupper, clflush, clflushopt

Memory: 4k page, system-wide physical 32685M (21524M free)
TotalPageFile size 37549M (AvailPageFile size 22097M)
current process WorkingSet (physical memory assigned to process): 89M, peak: 99M
current process commit charge ("private bytes"): 639M, peak: 649M

vm_info: OpenJDK 64-Bit Server VM (17.0.3+7) for windows-amd64 JRE (17.0.3+7), built on Apr 19 2022 16:55:35 by "" with MS VC++ 16.7 (VS2019)

END.
